<?xml version="1.0" encoding="UTF-8"?>
<!-- Generated by org.testng.reporters.JUnitReportReporter -->
<testsuite skipped="0" hostname="DESKTOP-HQAEH4U" name="org.petStore.RestServices" tests="4" failures="0" timestamp="25 Aug 2022 09:07:50 GMT" time="26.977" errors="0">
  <testcase name="addPet" time="19.609" classname="org.petStore.RestServices"/>
  <testcase name="addPet" time="2.216" classname="org.petStore.RestServices"/>
  <testcase name="addPet" time="2.617" classname="org.petStore.RestServices"/>
  <testcase name="retreivePet" time="2.535" classname="org.petStore.RestServices"/>
</testsuite> <!-- org.petStore.RestServices -->
